This is pdfTeX, Version 3.1415926-1.40.10 (MiKTeX 2.8) (preloaded format=pdflatex 2014.8.19)  26 DEC 2014 15:30
entering extended mode
**main
(D:\workspace\npu_thesis_latex\main.tex
LaTeX2e <2009/09/24>
Babel <v3.8l> and hyphenation patterns for english, dumylang, nohyphenation, ge
rman, ngerman, german-x-2009-06-19, ngerman-x-2009-06-19, french, loaded.
(D:\workspace\npu_thesis_latex\setup/type.tex)
(D:\ProgramFiles\CTEX\MiKTeX\tex\latex\base\book.cls
Document Class: book 2007/10/19 v1.4h Standard LaTeX document class
(D:\ProgramFiles\CTEX\MiKTeX\tex\latex\base\bk12.clo
File: bk12.clo 2007/10/19 v1.4h Standard LaTeX file (size option)
)
\c@part=\count79
\c@chapter=\count80
\c@section=\count81
\c@subsection=\count82
\c@subsubsection=\count83
\c@paragraph=\count84
\c@subparagraph=\count85
\c@figure=\count86
\c@table=\count87
\abovecaptionskip=\skip41
\belowcaptionskip=\skip42
\bibindent=\dimen102
)
(D:\workspace\npu_thesis_latex\setup/package.tex
(D:\ProgramFiles\CTEX\MiKTeX\tex\latex\misc\etex.sty
Package: etex 1998/03/26 v2.0 eTeX basic definition package (PEB)
\et@xins=\count88
)
(D:\ProgramFiles\CTEX\MiKTeX\tex\generic\oberdiek\ifpdf.sty
Package: ifpdf 2009/04/10 v2.0 Provides the ifpdf switch (HO)
Package ifpdf Info: pdfTeX in pdf mode detected.
)
(D:\ProgramFiles\CTEX\MiKTeX\tex\latex\graphics\graphicx.sty
Package: graphicx 1999/02/16 v1.0f Enhanced LaTeX Graphics (DPC,SPQR)

(D:\ProgramFiles\CTEX\MiKTeX\tex\latex\graphics\keyval.sty
Package: keyval 1999/03/16 v1.13 key=value parser (DPC)
\KV@toks@=\toks14
)
(D:\ProgramFiles\CTEX\MiKTeX\tex\latex\graphics\graphics.sty
Package: graphics 2009/02/05 v1.0o Standard LaTeX Graphics (DPC,SPQR)

(D:\ProgramFiles\CTEX\MiKTeX\tex\latex\graphics\trig.sty
Package: trig 1999/03/16 v1.09 sin cos tan (DPC)
)
(D:\ProgramFiles\CTEX\MiKTeX\tex\latex\00miktex\graphics.cfg
File: graphics.cfg 2007/01/18 v1.5 graphics configuration of teTeX/TeXLive
)
Package graphics Info: Driver file: pdftex.def on input line 91.

(D:\ProgramFiles\CTEX\MiKTeX\tex\latex\pdftex-def\pdftex.def
File: pdftex.def 2009/08/25 v0.04m Graphics/color for pdfTeX
\Gread@gobject=\count89
))
\Gin@req@height=\dimen103
\Gin@req@width=\dimen104
)
(D:\ProgramFiles\CTEX\MiKTeX\tex\latex\geometry\geometry.sty
Package: geometry 2008/12/21 v4.2 Page Geometry

(D:\ProgramFiles\CTEX\MiKTeX\tex\generic\oberdiek\ifvtex.sty
Package: ifvtex 2008/11/04 v1.4 Switches for detecting VTeX and its modes (HO)
Package ifvtex Info: VTeX not detected.
)
\Gm@cnth=\count90
\Gm@cntv=\count91
\c@Gm@tempcnt=\count92
\Gm@bindingoffset=\dimen105
\Gm@wd@mp=\dimen106
\Gm@odd@mp=\dimen107
\Gm@even@mp=\dimen108
\Gm@dimlist=\toks15

(D:\ProgramFiles\CTEX\MiKTeX\tex\latex\geometry\geometry.cfg)

Package geometry Warning: `twosideshift' is obsolete.

) (D:\ProgramFiles\CTEX\MiKTeX\tex\latex\layouts\layouts.sty
Package: layouts 2009/09/02 v2.6d graphical depiction of document elements
\l@ylen=\skip43
\layoutsbox=\box26
\l@youtunitlength=\skip44
\l@youtlinethick=\skip45
\l@youtlinethickii=\skip46
\l@ysetupparskip=\skip47
\l@ysetupbaselineskip=\skip48
\l@yonem=\skip49
\l@yonex=\skip50
\l@ylmarg=\skip51
\l@yrmarg=\skip52
\l@yitmindent=\skip53
\l@ylblwidth=\skip54
\l@ylblsep=\skip55
\l@ylparindent=\skip56
\l@ytsep=\skip57
\l@ypskip=\skip58
\l@yptsep=\skip59
\l@ypsep=\skip60
\l@yitmsep=\skip61
\l@ytok=\toks16
\l@youtpw=\count93
\l@youtph=\count94
\l@youthpi=\count95
\l@youthpii=\count96
\l@youthpiii=\count97
\l@youthpiv=\count98
\l@youthpv=\count99
\l@youthpvi=\count100
\l@youthpvii=\count101
\l@youtparskip=\count102
\l@youtvpi=\count103
\l@youtvpii=\count104
\l@youtvpiii=\count105
\l@youtvpiv=\count106
\l@youtvpv=\count107
\l@youtvpvi=\count108
\l@youtvpvii=\count109
\l@youthdo=\count110
\l@youthdi=\count111
\l@youthdii=\count112
\l@youthdiii=\count113
\l@youthdiv=\count114
\l@youthdv=\count115
\l@youthdvi=\count116
\l@youthdvii=\count117
\l@youtvdo=\count118
\l@youtvdi=\count119
\l@youtvdii=\count120
\l@youtvdiii=\count121
\l@youtvdiv=\count122
\l@youtvdv=\count123
\l@youtvdvi=\count124
\l@youtvdvii=\count125
\l@youtvdviii=\count126
\l@youtxci=\count127
\l@youtxcii=\count128
\l@youtxciii=\count129
\l@youtxciv=\count130
\l@youtxcv=\count131
\l@youtxcvi=\count132
\l@youtyci=\count133
\l@youtycii=\count134
\l@youtyciii=\count135
\l@youtyciv=\count136
\l@youtycv=\count137
\l@youtycvi=\count138
\l@youtycvii=\count139
\l@youtycviii=\count140
\l@youtxco=\count141
\l@youtyco=\count142
\l@ytempdima=\skip62
\stockwidth=\skip63
\stockheight=\skip64
\trimedge=\skip65
\trimtop=\skip66
\uppermargin=\skip67
\spinemargin=\skip68
)
(D:\ProgramFiles\CTEX\MiKTeX\tex\latex\titlesec\titlesec.sty
Package: titlesec 2007/08/12 v2.8 Sectioning titles
\ttl@box=\box27
\beforetitleunit=\skip69
\aftertitleunit=\skip70
\ttl@plus=\dimen109
\ttl@minus=\dimen110
\ttl@toksa=\toks17
\titlewidth=\dimen111
\titlewidthlast=\dimen112
\titlewidthfirst=\dimen113
)
(D:\ProgramFiles\CTEX\MiKTeX\tex\latex\titlesec\titletoc.sty
Package: titletoc 2007/08/12 v1.6 TOC entries
\ttl@leftsep=\dimen114
)
(D:\ProgramFiles\CTEX\MiKTeX\tex\latex\footmisc\footmisc.sty
Package: footmisc 2009/09/15 v5.5a a miscellany of footnote facilities
\FN@temptoken=\toks18
\footnotemargin=\dimen115
\c@pp@next@reset=\count143
\c@@fnserial=\count144
Package footmisc Info: Declaring symbol style bringhurst on input line 855.
Package footmisc Info: Declaring symbol style chicago on input line 863.
Package footmisc Info: Declaring symbol style wiley on input line 872.
Package footmisc Info: Declaring symbol style lamport-robust on input line 883.

Package footmisc Info: Declaring symbol style lamport* on input line 903.
Package footmisc Info: Declaring symbol style lamport*-robust on input line 924
.
)
(D:\ProgramFiles\CTEX\MiKTeX\tex\latex\fancyhdr\fancyhdr.sty
\fancy@headwidth=\skip71
\f@ncyO@elh=\skip72
\f@ncyO@erh=\skip73
\f@ncyO@olh=\skip74
\f@ncyO@orh=\skip75
\f@ncyO@elf=\skip76
\f@ncyO@erf=\skip77
\f@ncyO@olf=\skip78
\f@ncyO@orf=\skip79
)
(D:\ProgramFiles\CTEX\MiKTeX\tex\latex\fancyref\fancyref.sty
Package: fancyref 1999/02/03 v0.9c Fancy cross-referencing

(D:\ProgramFiles\CTEX\MiKTeX\tex\latex\tools\varioref.sty
Package: varioref 2009/09/13 v1.4w package for extended references (FMi)
\c@vrcnt=\count145
))
(D:\ProgramFiles\CTEX\MiKTeX\tex\latex\tools\array.sty
Package: array 2008/09/09 v2.4c Tabular extension package (FMi)
\col@sep=\dimen116
\extrarowheight=\dimen117
\NC@list=\toks19
\extratabsurround=\skip80
\backup@length=\skip81
)
(D:\ProgramFiles\CTEX\MiKTeX\tex\latex\cjk\CJK.sty
Package: CJK 2008/12/29 4.8.2

(D:\ProgramFiles\CTEX\MiKTeX\tex\latex\cjk\mule\MULEenc.sty
Package: MULEenc 2008/12/29 4.8.2
)
(D:\ProgramFiles\CTEX\MiKTeX\tex\latex\cjk\CJK.enc
File: CJK.enc 2008/12/29 4.8.2
)
LaTeX Info: Redefining \selectfont on input line 756.
\CJK@indent=\box28
)
(D:\ProgramFiles\CTEX\CTeX\tex\latex\CJKpunct\CJKpunct.sty
Package: CJKpunct 2009/05/06 4.8.2
\CJKpunct@cnta=\count146
\CJKpunct@cntb=\count147
\CJKpunct@cntc=\count148
\CJKpunct@cntd=\count149
\CJKpunct@cnte=\count150

(D:\ProgramFiles\CTEX\CTeX\tex\latex\CJKpunct\CJKpunct.spa))
(D:\ProgramFiles\CTEX\MiKTeX\tex\latex\psnfss\times.sty
Package: times 2005/04/12 PSNFSS-v9.2a (SPQR) 
)
(D:\ProgramFiles\CTEX\MiKTeX\tex\latex\type1cm\type1cm.sty
Package: type1cm 2002/09/05 v0.04 BlueSky/Y&Y Type1 CM font definitions (DPC, p
atched RF)
)
(D:\ProgramFiles\CTEX\MiKTeX\tex\latex\tools\indentfirst.sty
Package: indentfirst 1995/11/23 v1.03 Indent first paragraph (DPC)
)
(D:\ProgramFiles\CTEX\MiKTeX\tex\latex\graphics\color.sty
Package: color 2005/11/14 v1.0j Standard LaTeX Color (DPC)

(D:\ProgramFiles\CTEX\MiKTeX\tex\latex\00miktex\color.cfg
File: color.cfg 2007/01/18 v1.5 color configuration of teTeX/TeXLive
)
Package color Info: Driver file: pdftex.def on input line 130.
)
(D:\ProgramFiles\CTEX\MiKTeX\tex\latex\ams\math\amsmath.sty
Package: amsmath 2000/07/18 v2.13 AMS math features
\@mathmargin=\skip82

For additional information on amsmath, use the `?' option.
(D:\ProgramFiles\CTEX\MiKTeX\tex\latex\ams\math\amstext.sty
Package: amstext 2000/06/29 v2.01

(D:\ProgramFiles\CTEX\MiKTeX\tex\latex\ams\math\amsgen.sty
File: amsgen.sty 1999/11/30 v2.0
\@emptytoks=\toks20
\ex@=\dimen118
))
(D:\ProgramFiles\CTEX\MiKTeX\tex\latex\ams\math\amsbsy.sty
Package: amsbsy 1999/11/29 v1.2d
\pmbraise@=\dimen119
)
(D:\ProgramFiles\CTEX\MiKTeX\tex\latex\ams\math\amsopn.sty
Package: amsopn 1999/12/14 v2.01 operator names
)
\inf@bad=\count151
LaTeX Info: Redefining \frac on input line 211.
\uproot@=\count152
\leftroot@=\count153
LaTeX Info: Redefining \overline on input line 307.
\classnum@=\count154
\DOTSCASE@=\count155
LaTeX Info: Redefining \ldots on input line 379.
LaTeX Info: Redefining \dots on input line 382.
LaTeX Info: Redefining \cdots on input line 467.
\Mathstrutbox@=\box29
\strutbox@=\box30
\big@size=\dimen120
LaTeX Font Info:    Redeclaring font encoding OML on input line 567.
LaTeX Font Info:    Redeclaring font encoding OMS on input line 568.
\macc@depth=\count156
\c@MaxMatrixCols=\count157
\dotsspace@=\muskip10
\c@parentequation=\count158
\dspbrk@lvl=\count159
\tag@help=\toks21
\row@=\count160
\column@=\count161
\maxfields@=\count162
\andhelp@=\toks22
\eqnshift@=\dimen121
\alignsep@=\dimen122
\tagshift@=\dimen123
\tagwidth@=\dimen124
\totwidth@=\dimen125
\lineht@=\dimen126
\@envbody=\toks23
\multlinegap=\skip83
\multlinetaggap=\skip84
\mathdisplay@stack=\toks24
LaTeX Info: Redefining \[ on input line 2666.
LaTeX Info: Redefining \] on input line 2667.
)
(D:\ProgramFiles\CTEX\MiKTeX\tex\latex\ltxmisc\relsize.sty
Package: relsize 2003/07/04 ver 3.1
)
(D:\ProgramFiles\CTEX\MiKTeX\tex\latex\amsfonts\amssymb.sty
Package: amssymb 2009/06/22 v3.00

(D:\ProgramFiles\CTEX\MiKTeX\tex\latex\amsfonts\amsfonts.sty
Package: amsfonts 2009/06/22 v3.00 Basic AMSFonts support
\symAMSa=\mathgroup4
\symAMSb=\mathgroup5
LaTeX Font Info:    Overwriting math alphabet `\mathfrak' in version `bold'
(Font)                  U/euf/m/n --> U/euf/b/n on input line 96.
))
(D:\ProgramFiles\CTEX\MiKTeX\tex\latex\base\textcomp.sty
Package: textcomp 2005/09/27 v1.99g Standard LaTeX package
Package textcomp Info: Sub-encoding information:
(textcomp)               5 = only ISO-Adobe without \textcurrency
(textcomp)               4 = 5 + \texteuro
(textcomp)               3 = 4 + \textohm
(textcomp)               2 = 3 + \textestimated + \textcurrency
(textcomp)               1 = TS1 - \textcircled - \t
(textcomp)               0 = TS1 (full)
(textcomp)             Font families with sub-encoding setting implement
(textcomp)             only a restricted character set as indicated.
(textcomp)             Family '?' is the default used for unknown fonts.
(textcomp)             See the documentation for details.
Package textcomp Info: Setting ? sub-encoding to TS1/1 on input line 71.

(D:\ProgramFiles\CTEX\MiKTeX\tex\latex\base\ts1enc.def
File: ts1enc.def 2001/06/05 v3.0e (jk/car/fm) Standard LaTeX file
)
LaTeX Info: Redefining \oldstylenums on input line 266.
Package textcomp Info: Setting cmr sub-encoding to TS1/0 on input line 281.
Package textcomp Info: Setting cmss sub-encoding to TS1/0 on input line 282.
Package textcomp Info: Setting cmtt sub-encoding to TS1/0 on input line 283.
Package textcomp Info: Setting cmvtt sub-encoding to TS1/0 on input line 284.
Package textcomp Info: Setting cmbr sub-encoding to TS1/0 on input line 285.
Package textcomp Info: Setting cmtl sub-encoding to TS1/0 on input line 286.
Package textcomp Info: Setting ccr sub-encoding to TS1/0 on input line 287.
Package textcomp Info: Setting ptm sub-encoding to TS1/4 on input line 288.
Package textcomp Info: Setting pcr sub-encoding to TS1/4 on input line 289.
Package textcomp Info: Setting phv sub-encoding to TS1/4 on input line 290.
Package textcomp Info: Setting ppl sub-encoding to TS1/3 on input line 291.
Package textcomp Info: Setting pag sub-encoding to TS1/4 on input line 292.
Package textcomp Info: Setting pbk sub-encoding to TS1/4 on input line 293.
Package textcomp Info: Setting pnc sub-encoding to TS1/4 on input line 294.
Package textcomp Info: Setting pzc sub-encoding to TS1/4 on input line 295.
Package textcomp Info: Setting bch sub-encoding to TS1/4 on input line 296.
Package textcomp Info: Setting put sub-encoding to TS1/5 on input line 297.
Package textcomp Info: Setting uag sub-encoding to TS1/5 on input line 298.
Package textcomp Info: Setting ugq sub-encoding to TS1/5 on input line 299.
Package textcomp Info: Setting ul8 sub-encoding to TS1/4 on input line 300.
Package textcomp Info: Setting ul9 sub-encoding to TS1/4 on input line 301.
Package textcomp Info: Setting augie sub-encoding to TS1/5 on input line 302.
Package textcomp Info: Setting dayrom sub-encoding to TS1/3 on input line 303.
Package textcomp Info: Setting dayroms sub-encoding to TS1/3 on input line 304.

Package textcomp Info: Setting pxr sub-encoding to TS1/0 on input line 305.
Package textcomp Info: Setting pxss sub-encoding to TS1/0 on input line 306.
Package textcomp Info: Setting pxtt sub-encoding to TS1/0 on input line 307.
Package textcomp Info: Setting txr sub-encoding to TS1/0 on input line 308.
Package textcomp Info: Setting txss sub-encoding to TS1/0 on input line 309.
Package textcomp Info: Setting txtt sub-encoding to TS1/0 on input line 310.
Package textcomp Info: Setting futs sub-encoding to TS1/4 on input line 311.
Package textcomp Info: Setting futx sub-encoding to TS1/4 on input line 312.
Package textcomp Info: Setting futj sub-encoding to TS1/4 on input line 313.
Package textcomp Info: Setting hlh sub-encoding to TS1/3 on input line 314.
Package textcomp Info: Setting hls sub-encoding to TS1/3 on input line 315.
Package textcomp Info: Setting hlst sub-encoding to TS1/3 on input line 316.
Package textcomp Info: Setting hlct sub-encoding to TS1/5 on input line 317.
Package textcomp Info: Setting hlx sub-encoding to TS1/5 on input line 318.
Package textcomp Info: Setting hlce sub-encoding to TS1/5 on input line 319.
Package textcomp Info: Setting hlcn sub-encoding to TS1/5 on input line 320.
Package textcomp Info: Setting hlcw sub-encoding to TS1/5 on input line 321.
Package textcomp Info: Setting hlcf sub-encoding to TS1/5 on input line 322.
Package textcomp Info: Setting pplx sub-encoding to TS1/3 on input line 323.
Package textcomp Info: Setting pplj sub-encoding to TS1/3 on input line 324.
Package textcomp Info: Setting ptmx sub-encoding to TS1/4 on input line 325.
Package textcomp Info: Setting ptmj sub-encoding to TS1/4 on input line 326.
)
(D:\ProgramFiles\CTEX\MiKTeX\tex\latex\jknappen\mathrsfs.sty
Package: mathrsfs 1996/01/01 Math RSFS package v1.0 (jk)
\symrsfs=\mathgroup6
)
(D:\ProgramFiles\CTEX\MiKTeX\tex\latex\tools\bm.sty
Package: bm 2004/02/26 v1.1c Bold Symbol Support (DPC/FMi)
\symboldoperators=\mathgroup7
\symboldletters=\mathgroup8
\symboldsymbols=\mathgroup9
LaTeX Font Info:    Redeclaring math alphabet \mathbf on input line 138.
LaTeX Info: Redefining \bm on input line 204.
)
(D:\ProgramFiles\CTEX\MiKTeX\tex\latex\ntheorem\ntheorem.sty
Style `ntheorem', Version 1.25 <2005/07/07>
Package: ntheorem 2005/07/07 1.25
\theorem@style=\toks25
\theorem@@style=\toks26
\theorembodyfont=\toks27
\theoremnumbering=\toks28
\theorempreskipamount=\skip85
\theorempostskipamount=\skip86
\theoremindent=\dimen127
\theorem@indent=\dimen128
\theoremheaderfont=\toks29
\theoremseparator=\toks30
\theoremprework=\toks31
\theorempostwork=\toks32
\theoremsymbol=\toks33
\qedsymbol=\toks34
\theoremkeyword=\toks35
\qedsymbol=\toks36
\thm@topsepadd=\skip87
Package ntheorem Info: Option `thmmarks' loaded on input line 1029.
\c@endNonectr=\count163
\c@currNonectr=\count164
\mysavskip=\skip88
Package ntheorem Info: option `amsmath' handling for `thmmarks' loaded on input
 line 1029.
\thm@amstmpdepth=\dimen129
) (D:\ProgramFiles\CTEX\MiKTeX\tex\latex\graphics\epsfig.sty
Package: epsfig 1999/02/16 v1.7a (e)psfig emulation (SPQR)
\epsfxsize=\dimen130
\epsfysize=\dimen131
)
(D:\ProgramFiles\CTEX\MiKTeX\tex\latex\placeins\placeins.sty
Package: placeins 2005/04/18  v 2.2
)
(D:\ProgramFiles\CTEX\MiKTeX\tex\latex\rotating\rotating.sty
Package: rotating 2009/03/28 v2.16a rotated objects in LaTeX

(D:\ProgramFiles\CTEX\MiKTeX\tex\latex\base\ifthen.sty
Package: ifthen 2001/05/26 v1.1c Standard LaTeX ifthen package (DPC)
)
\c@r@tfl@t=\count165
\rotFPtop=\skip89
\rotFPbot=\skip90
\rot@float@box=\box31
\rot@mess@toks=\toks37
)
(D:\ProgramFiles\CTEX\MiKTeX\tex\latex\setspace\setspace.sty
Package: setspace 2000/12/01 6.7 Contributed and Supported LaTeX2e package

Package: `setspace' 6.7 <2000/12/01>
) (D:\ProgramFiles\CTEX\MiKTeX\tex\latex\base\flafter.sty
Package: flafter 2000/07/23 v1.2i Standard LaTeX floats after reference (FMi)
)
(D:\ProgramFiles\CTEX\MiKTeX\tex\latex\multirow\multirow.sty
\bigstrutjot=\dimen132
)
(D:\ProgramFiles\CTEX\MiKTeX\tex\latex\booktabs\booktabs.sty
Package: booktabs 2005/04/14 v1.61803 publication quality tables
\heavyrulewidth=\dimen133
\lightrulewidth=\dimen134
\cmidrulewidth=\dimen135
\belowrulesep=\dimen136
\belowbottomsep=\dimen137
\aboverulesep=\dimen138
\abovetopsep=\dimen139
\cmidrulesep=\dimen140
\cmidrulekern=\dimen141
\defaultaddspace=\dimen142
\@cmidla=\count166
\@cmidlb=\count167
\@aboverulesep=\dimen143
\@belowrulesep=\dimen144
\@thisruleclass=\count168
\@lastruleclass=\count169
\@thisrulewidth=\dimen145
)
(D:\ProgramFiles\CTEX\MiKTeX\tex\latex\tools\longtable.sty
Package: longtable 2004/02/01 v4.11 Multi-page Table package (DPC)
\LTleft=\skip91
\LTright=\skip92
\LTpre=\skip93
\LTpost=\skip94
\LTchunksize=\count170
\LTcapwidth=\dimen146
\LT@head=\box32
\LT@firsthead=\box33
\LT@foot=\box34
\LT@lastfoot=\box35
\LT@cols=\count171
\LT@rows=\count172
\c@LT@tables=\count173
\c@LT@chunks=\count174
\LT@p@ftn=\toks38
)
(D:\ProgramFiles\CTEX\MiKTeX\tex\latex\subfigure\subfigure.sty
Package: subfigure 2002/07/30 v2.1.4 subfigure package
\subfigtopskip=\skip95
\subfigcapskip=\skip96
\subfigcaptopadj=\dimen147
\subfigbottomskip=\skip97
\subfigcapmargin=\dimen148
\subfiglabelskip=\skip98
\c@subfigure=\count175
\c@lofdepth=\count176
\c@subtable=\count177
\c@lotdepth=\count178

****************************************
* Local config file subfigure.cfg used *
****************************************
(D:\ProgramFiles\CTEX\MiKTeX\tex\latex\subfigure\subfigure.cfg)
\subfig@top=\skip99
\subfig@bottom=\skip100
)
(D:\ProgramFiles\CTEX\MiKTeX\tex\latex\ccaption\ccaption.sty
Package: ccaption 2009/09/02 v3.2b Extended captioning and new floats
\@contcwidth=\skip101
\@contindw=\skip102
\abovelegendskip=\skip103
\belowlegendskip=\skip104
\c@@contsubnum=\count179
\c@newflo@tctr=\count180
)
(D:\ProgramFiles\CTEX\MiKTeX\tex\latex\natbib\natbib.sty
Package: natbib 2009/11/07 8.31a (PWD, AO)
\bibhang=\skip105
\bibsep=\skip106
LaTeX Info: Redefining \cite on input line 694.
\c@NAT@ctr=\count181
)
(D:\ProgramFiles\CTEX\MiKTeX\tex\latex\ltxmisc\hypernat.sty
Package: hypernat 2001/07/09 v1.0b hyperref and natbib compatibility (jb)
)
(D:\ProgramFiles\CTEX\MiKTeX\tex\latex\enumitem\enumitem.sty
Package: enumitem 2009/05/18 v2.2 Customized lists
\enit@toks=\toks39
\labelindent=\skip107
\enit@outerparindent=\dimen149
\enitdp@desc=\count182
)
(D:\ProgramFiles\CTEX\MiKTeX\tex\latex\tools\calc.sty
Package: calc 2007/08/22 v4.3 Infix arithmetic (KKT,FJ)
\calc@Acount=\count183
\calc@Bcount=\count184
\calc@Adimen=\dimen150
\calc@Bdimen=\dimen151
\calc@Askip=\skip108
\calc@Bskip=\skip109
LaTeX Info: Redefining \setlength on input line 76.
LaTeX Info: Redefining \addtolength on input line 77.
\calc@Ccount=\count185
\calc@Cskip=\skip110
)
(D:\ProgramFiles\CTEX\MiKTeX\tex\latex\cmap\cmap.sty
Package: cmap 2008/03/06 v1.0h CMap support: searchable PDF
)
(D:\ProgramFiles\CTEX\MiKTeX\tex\latex\hyperref\hyperref.sty
Package: hyperref 2010/01/16 v6.80c Hypertext links for LaTeX

(D:\ProgramFiles\CTEX\MiKTeX\tex\generic\oberdiek\kvsetkeys.sty
Package: kvsetkeys 2009/12/22 v1.7 Key value parser (HO)

(D:\ProgramFiles\CTEX\MiKTeX\tex\generic\oberdiek\infwarerr.sty
Package: infwarerr 2007/09/09 v1.2 Providing info/warning/message (HO)
)
(D:\ProgramFiles\CTEX\MiKTeX\tex\generic\oberdiek\etexcmds.sty
Package: etexcmds 2007/12/12 v1.2 Prefix for e-TeX command names (HO)
Package etexcmds Info: Could not find \expanded.
(etexcmds)             That can mean that you are not using pdfTeX 1.50 or
(etexcmds)             that some package has redefined \expanded.
(etexcmds)             In the latter case, load this package earlier.
))
(D:\ProgramFiles\CTEX\MiKTeX\tex\generic\oberdiek\pdfescape.sty
Package: pdfescape 2007/11/11 v1.8 Provides hex, PDF name and string conversion
s (HO)

(D:\ProgramFiles\CTEX\MiKTeX\tex\generic\oberdiek\pdftexcmds.sty
Package: pdftexcmds 2009/12/12 v0.7 Utility functions of pdfTeX for LuaTeX (HO)


(D:\ProgramFiles\CTEX\MiKTeX\tex\generic\oberdiek\ifluatex.sty
Package: ifluatex 2009/04/17 v1.2 Provides the ifluatex switch (HO)
Package ifluatex Info: LuaTeX not detected.
)
(D:\ProgramFiles\CTEX\MiKTeX\tex\generic\oberdiek\ltxcmds.sty
Package: ltxcmds 2009/12/12 v1.1 LaTeX kernel commands for general use (HO)
)
Package pdftexcmds Info: LuaTeX not detected.
Package pdftexcmds Info: \pdf@primitive is available.
Package pdftexcmds Info: \pdf@ifprimitive is available.
))
(D:\ProgramFiles\CTEX\MiKTeX\tex\latex\ifxetex\ifxetex.sty
Package: ifxetex 2009/01/23 v0.5 Provides ifxetex conditional
)
(D:\ProgramFiles\CTEX\MiKTeX\tex\latex\oberdiek\hycolor.sty
Package: hycolor 2009/12/12 v1.6 Color options of hyperref/bookmark (HO)

(D:\ProgramFiles\CTEX\MiKTeX\tex\latex\oberdiek\xcolor-patch.sty
Package: xcolor-patch 2009/12/12 xcolor patch
))
\@linkdim=\dimen152
\Hy@linkcounter=\count186
\Hy@pagecounter=\count187

(D:\ProgramFiles\CTEX\MiKTeX\tex\latex\hyperref\pd1enc.def
File: pd1enc.def 2010/01/16 v6.80c Hyperref: PDFDocEncoding definition (HO)
)
(D:\ProgramFiles\CTEX\MiKTeX\tex\generic\oberdiek\intcalc.sty
Package: intcalc 2007/09/27 v1.1 Expandable integer calculations (HO)
)
(D:\ProgramFiles\CTEX\MiKTeX\tex\latex\00miktex\hyperref.cfg
File: hyperref.cfg 2002/06/06 v1.2 hyperref configuration of TeXLive
)
(D:\ProgramFiles\CTEX\MiKTeX\tex\latex\oberdiek\kvoptions.sty
Package: kvoptions 2009/12/08 v3.6 Keyval support for LaTeX options (HO)
)
Package hyperref Info: Option `CJKbookmarks' set `true' on input line 3209.
Package hyperref Info: Option `bookmarksnumbered' set `true' on input line 3209
.
Package hyperref Info: Option `bookmarksopen' set `true' on input line 3209.
Package hyperref Info: Option `colorlinks' set `false' on input line 3209.
Package hyperref Info: Option `breaklinks' set `true' on input line 3209.
Package hyperref Info: Hyper figures OFF on input line 3290.
Package hyperref Info: Link nesting OFF on input line 3295.
Package hyperref Info: Hyper index ON on input line 3298.
Package hyperref Info: Plain pages OFF on input line 3305.
Package hyperref Info: Backreferencing OFF on input line 3310.

Implicit mode ON; LaTeX internals redefined
Package hyperref Info: Bookmarks ON on input line 3506.
(D:\ProgramFiles\CTEX\MiKTeX\tex\latex\ltxmisc\url.sty
\Urlmuskip=\muskip11
Package: url 2006/04/12  ver 3.3  Verb mode for urls, etc.
)
LaTeX Info: Redefining \url on input line 3743.

(D:\ProgramFiles\CTEX\MiKTeX\tex\generic\oberdiek\bitset.sty
Package: bitset 2007/09/28 v1.0 Data type bit set (HO)

(D:\ProgramFiles\CTEX\MiKTeX\tex\generic\oberdiek\bigintcalc.sty
Package: bigintcalc 2007/11/11 v1.1 Expandable big integer calculations (HO)
))
\Fld@menulength=\count188
\Field@Width=\dimen153
\Fld@charsize=\dimen154
\Field@toks=\toks40
Package hyperref Info: Hyper figures OFF on input line 4702.
Package hyperref Info: Link nesting OFF on input line 4707.
Package hyperref Info: Hyper index ON on input line 4710.
Package hyperref Info: backreferencing OFF on input line 4717.
Package hyperref Info: Link coloring OFF on input line 4722.
Package hyperref Info: Link coloring with OCG OFF on input line 4727.
Package hyperref Info: PDF/A mode OFF on input line 4732.

(D:\ProgramFiles\CTEX\MiKTeX\tex\generic\oberdiek\atbegshi.sty
Package: atbegshi 2009/12/02 v1.10 At begin shipout hook (HO)
)
\Hy@abspage=\count189
\c@Item=\count190
\c@Hfootnote=\count191
)
*hyperref using driver hpdftex*
(D:\ProgramFiles\CTEX\MiKTeX\tex\latex\hyperref\hpdftex.def
File: hpdftex.def 2010/01/16 v6.80c Hyperref driver for pdfTeX

(D:\ProgramFiles\CTEX\MiKTeX\tex\generic\oberdiek\atveryend.sty
Package: atveryend 2009/12/11 v1.3 Hooks at very end of document (HO)
Package atveryend Info: \enddocument detected (standard).
)
\Fld@listcount=\count192
\c@bookmark@seq@number=\count193

(D:\ProgramFiles\CTEX\MiKTeX\tex\generic\oberdiek\rerunfilecheck.sty
Package: rerunfilecheck 2009/12/18 v1.2 Rerun checks for auxiliary files (HO)

(D:\ProgramFiles\CTEX\MiKTeX\tex\generic\oberdiek\uniquecounter.sty
Package: uniquecounter 2009/12/18 v1.1 Provides unlimited unique counter (HO)
)
Package uniquecounter Info: New unique counter `rerunfilecheck' on input line 3
26.
)
\Hy@SectionHShift=\skip111
)
(D:\ProgramFiles\CTEX\MiKTeX\tex\latex\arydshln\arydshln.sty
Package: arydshln 2004/08/31 v1.71 
\dashlinedash=\dimen155
\dashlinegap=\dimen156
\adl@box=\box36
\adl@height=\dimen157
\adl@heightsave=\dimen158
\adl@depth=\dimen159
\adl@depthsave=\dimen160
\adl@finaldepth=\dimen161
\adl@columns=\count194
\adl@ncol=\count195
\adl@currentcolumn=\count196
\adl@currentcolumnsave=\count197
\adl@totalheight=\count198
\adl@totalheightsave=\count199
\adl@dash=\count200
\adl@gap=\count201
\adl@cla=\count202
\adl@clb=\count203
\adl@everyvbox=\toks41
\adl@LTpagetotal=\dimen162
)
(D:\ProgramFiles\CTEX\MiKTeX\tex\latex\algorithm2e\algorithm2e.sty
Package: algorithm2e 2008/00/00 v3.10 algorithms environments
\c@AlgoLine=\count204

(D:\ProgramFiles\CTEX\MiKTeX\tex\latex\tools\xspace.sty
Package: xspace 2006/05/08 v1.12 Space after command names (DPC,MH)
)
********************************************************
Package `algorithm2e' Release 4.01 -- december 14 2009 --
- algorithm2e-announce@lirmm.fr mailing list for announcement about releases
- algorithm2e-discussion@lirmm.fr mailing list for discussion about package
subscribe by emailing sympa@lirmm.fr with 'subscribe <list> <firstname name>'
- Author: Christophe Fiorio (fiorio@lirmm.fr)
********************************************************
\skiptotal=\skip112
\skiplinenumber=\skip113
\skiprule=\skip114
\skiphlne=\skip115
\skiptext=\skip116
\skiplength=\skip117
\algomargin=\skip118
\skipalgocfslide=\skip119
\algowidth=\dimen163
\inoutsize=\dimen164
\inoutline=\dimen165
\interspacetitleruled=\dimen166
\interspacealgoruled=\dimen167
\interspacetitleboxruled=\dimen168
\algocf@inoutbox=\box37
\algocf@inputbox=\box38
\AlCapSkip=\skip120
\AlCapHSkip=\skip121
\algocf@nlbox=\box39
\algocf@hangingbox=\box40
\algocf@capbox=\box41
\algoheightruledefault=\skip122
\algoheightrule=\skip123
\algotitleheightruledefault=\skip124
\algotitleheightrule=\skip125
\c@algocfline=\count205
\c@algocfproc=\count206
\c@algocf=\count207
\algocf@algoframe=\box42
\algocf@algobox=\box43
) (D:\ProgramFiles\CTEX\MiKTeX\tex\latex\ltxmisc\cases.sty
Package: cases 2002/05/02 ver 2.5 
)
(D:\ProgramFiles\CTEX\MiKTeX\tex\latex\pdfpages\pdfpages.sty
Package: pdfpages 2010/01/12 v0.4j Insert pages of external PDF documents (AM)

(D:\ProgramFiles\CTEX\MiKTeX\tex\latex\eso-pic\eso-pic.sty
Package: eso-pic 2009/10/07 v2.0a eso-pic (RN)
)
(D:\ProgramFiles\CTEX\MiKTeX\tex\latex\pdfpages\pppdftex.def
File: pppdftex.def 2010/01/12 v0.4j Pdfpages driver for pdfTeX (AM)
)
\AM@pagebox=\box44
\AM@toc@title=\toks42
\c@AM@survey=\count208
\AM@templatesizebox=\box45
))
(D:\ProgramFiles\CTEX\MiKTeX\tex\latex\oberdiek\epstopdf.sty
Package: epstopdf 2009/10/17 v2.4 Conversion with epstopdf on the fly (HO)

(D:\ProgramFiles\CTEX\MiKTeX\tex\latex\oberdiek\epstopdf-base.sty
Package: epstopdf-base 2009/10/17 v2.4 Base part for package epstopdf

(D:\ProgramFiles\CTEX\MiKTeX\tex\latex\oberdiek\grfext.sty
Package: grfext 2007/09/30 v1.0 Managing graphics extensions (HO)
)
Package grfext Info: Graphics extension search list:
(grfext)             [.png,.pdf,.jpg,.mps,.jpeg,.jbig2,.jb2,.PNG,.PDF,.JPG,.JPE
G,.JBIG2,.JB2,.eps]
(grfext)             \AppendGraphicsExtensions on input line 433.
))
(D:\workspace\npu_thesis_latex\main.aux
(D:\workspace\npu_thesis_latex\body/publications.aux)
(D:\workspace\npu_thesis_latex\body/acknowledgements.aux)
(D:\workspace\npu_thesis_latex\body/Authorization.aux))
LaTeX Font Info:    Checking defaults for OML/cmm/m/it on input line 46.
LaTeX Font Info:    ... okay on input line 46.
LaTeX Font Info:    Checking defaults for T1/cmr/m/n on input line 46.
LaTeX Font Info:    ... okay on input line 46.
LaTeX Font Info:    Checking defaults for OT1/cmr/m/n on input line 46.
LaTeX Font Info:    ... okay on input line 46.
LaTeX Font Info:    Checking defaults for OMS/cmsy/m/n on input line 46.
LaTeX Font Info:    ... okay on input line 46.
LaTeX Font Info:    Checking defaults for OMX/cmex/m/n on input line 46.
LaTeX Font Info:    ... okay on input line 46.
LaTeX Font Info:    Checking defaults for U/cmr/m/n on input line 46.
LaTeX Font Info:    ... okay on input line 46.
LaTeX Font Info:    Checking defaults for C00/song/m/n on input line 46.
LaTeX Font Info:    ... okay on input line 46.
LaTeX Font Info:    Checking defaults for C05/song/m/n on input line 46.
LaTeX Font Info:    ... okay on input line 46.
LaTeX Font Info:    Checking defaults for C09/song/m/n on input line 46.
LaTeX Font Info:    ... okay on input line 46.
LaTeX Font Info:    Checking defaults for C10/song/m/n on input line 46.
LaTeX Font Info:    ... okay on input line 46.
LaTeX Font Info:    Checking defaults for C20/song/m/n on input line 46.
LaTeX Font Info:    ... okay on input line 46.
LaTeX Font Info:    Checking defaults for C19/song/m/n on input line 46.
LaTeX Font Info:    ... okay on input line 46.
LaTeX Font Info:    Checking defaults for C40/song/m/n on input line 46.
LaTeX Font Info:    ... okay on input line 46.
LaTeX Font Info:    Checking defaults for C42/song/m/n on input line 46.
LaTeX Font Info:    ... okay on input line 46.
LaTeX Font Info:    Checking defaults for C43/song/m/n on input line 46.
LaTeX Font Info:    ... okay on input line 46.
LaTeX Font Info:    Checking defaults for C50/song/m/n on input line 46.
LaTeX Font Info:    ... okay on input line 46.
LaTeX Font Info:    Checking defaults for C52/song/m/n on input line 46.
LaTeX Font Info:    ... okay on input line 46.
LaTeX Font Info:    Checking defaults for C49/song/m/n on input line 46.
LaTeX Font Info:    ... okay on input line 46.
LaTeX Font Info:    Checking defaults for C60/mj/m/n on input line 46.
LaTeX Font Info:    ... okay on input line 46.
LaTeX Font Info:    Checking defaults for C61/mj/m/n on input line 46.
LaTeX Font Info:    ... okay on input line 46.
LaTeX Font Info:    Checking defaults for C63/mj/m/n on input line 46.
LaTeX Font Info:    ... okay on input line 46.
LaTeX Font Info:    Checking defaults for C64/mj/m/n on input line 46.
LaTeX Font Info:    ... okay on input line 46.
LaTeX Font Info:    Checking defaults for C65/mj/m/n on input line 46.
LaTeX Font Info:    ... okay on input line 46.
LaTeX Font Info:    Checking defaults for C70/song/m/n on input line 46.
LaTeX Font Info:    ... okay on input line 46.
LaTeX Font Info:    Checking defaults for C31/song/m/n on input line 46.
LaTeX Font Info:    ... okay on input line 46.
LaTeX Font Info:    Checking defaults for C32/song/m/n on input line 46.
LaTeX Font Info:    ... okay on input line 46.
LaTeX Font Info:    Checking defaults for C33/song/m/n on input line 46.
LaTeX Font Info:    ... okay on input line 46.
LaTeX Font Info:    Checking defaults for C34/song/m/n on input line 46.
LaTeX Font Info:    ... okay on input line 46.
LaTeX Font Info:    Checking defaults for C35/song/m/n on input line 46.
LaTeX Font Info:    ... okay on input line 46.
LaTeX Font Info:    Checking defaults for C36/song/m/n on input line 46.
LaTeX Font Info:    ... okay on input line 46.
LaTeX Font Info:    Checking defaults for C37/song/m/n on input line 46.
LaTeX Font Info:    ... okay on input line 46.
LaTeX Font Info:    Checking defaults for C80/song/m/n on input line 46.
LaTeX Font Info:    ... okay on input line 46.
LaTeX Font Info:    Checking defaults for C81/song/m/n on input line 46.
LaTeX Font Info:    ... okay on input line 46.
LaTeX Font Info:    Checking defaults for C01/song/m/n on input line 46.
LaTeX Font Info:    ... okay on input line 46.
LaTeX Font Info:    Checking defaults for C11/song/m/n on input line 46.
LaTeX Font Info:    ... okay on input line 46.
LaTeX Font Info:    Checking defaults for C21/song/m/n on input line 46.
LaTeX Font Info:    ... okay on input line 46.
LaTeX Font Info:    Checking defaults for C41/song/m/n on input line 46.
LaTeX Font Info:    ... okay on input line 46.
LaTeX Font Info:    Checking defaults for C62/song/m/n on input line 46.
LaTeX Font Info:    ... okay on input line 46.
LaTeX Font Info:    Checking defaults for TS1/cmr/m/n on input line 46.
LaTeX Font Info:    Try loading font information for TS1+cmr on input line 46.

(D:\ProgramFiles\CTEX\MiKTeX\tex\latex\base\ts1cmr.fd
File: ts1cmr.fd 1999/05/25 v2.5h Standard LaTeX font definitions
)
LaTeX Font Info:    ... okay on input line 46.
LaTeX Font Info:    Checking defaults for PD1/pdf/m/n on input line 46.
LaTeX Font Info:    ... okay on input line 46.
LaTeX Font Info:    Try loading font information for OT1+ptm on input line 46.

(D:\ProgramFiles\CTEX\MiKTeX\tex\latex\psnfss\ot1ptm.fd
File: ot1ptm.fd 2001/06/04 font definitions for OT1/ptm.
)<<ot1.cmap>>
(D:\ProgramFiles\CTEX\MiKTeX\tex\context\base\supp-pdf.tex
[Loading MPS to PDF converter (version 2006.09.02).]
\scratchcounter=\count209
\scratchdimen=\dimen169
\scratchbox=\box46
\nofMPsegments=\count210
\nofMParguments=\count211
\everyMPshowfont=\toks43
\MPscratchCnt=\count212
\MPscratchDim=\dimen170
\MPnumerator=\count213
\everyMPtoPDFconversion=\toks44
)
*geometry auto-detecting driver*
*geometry detected driver: pdftex*
-------------------- Geometry parameters
paper: a4paper
landscape: --
twocolumn: --
twoside: true
asymmetric: --
h-parts: 68.28659pt, 426.79134pt, 102.42995pt
v-parts: 87.63449pt, 625.96062pt, 131.45174pt
hmarginratio: 2:3
vmarginratio: 2:3
lines: --
heightrounded: --
bindingoffset: 0.0pt
truedimen: --
includehead: --
includefoot: --
includemp: --
driver: pdftex
-------------------- Page layout dimensions and switches
\paperwidth  597.50787pt
\paperheight 845.04684pt
\textwidth  426.79134pt
\textheight 625.96062pt
\oddsidemargin  -3.9834pt
\evensidemargin 30.15996pt
\topmargin  -16.5093pt
\headheight 12.0pt
\headsep    19.8738pt
\footskip   30.0pt
\marginparwidth 88.0pt
\marginparsep   7.0pt
\columnsep  10.0pt
\skip\footins  10.8pt plus 4.0pt minus 2.0pt
\hoffset 0.0pt
\voffset 0.0pt
\mag 1000
\@twosidetrue \@mparswitchtrue 
(1in=72.27pt, 1cm=28.45pt)
-----------------------

Package layouts Warning: Layout scale set to 0.5 on input line 46.


Package hyperref Warning: Height of page (\stockheight) is invalid (0.0pt),
(hyperref)                using 11in.

Package hyperref Info: Link coloring OFF on input line 46.
(D:\ProgramFiles\CTEX\MiKTeX\tex\latex\hyperref\nameref.sty
Package: nameref 2009/12/18 v2.35 Cross-referencing by name of section

(D:\ProgramFiles\CTEX\MiKTeX\tex\latex\oberdiek\refcount.sty
Package: refcount 2008/08/11 v3.1 Data extraction from references (HO)
)
(D:\ProgramFiles\CTEX\MiKTeX\tex\generic\oberdiek\gettitlestring.sty
Package: gettitlestring 2009/12/18 v1.3 Cleanup title references (HO)
)
\c@section@level=\count214
LaTeX Info: Redefining \Ref on input line 408.
)
LaTeX Info: Redefining \ref on input line 46.
LaTeX Info: Redefining \pageref on input line 46.

(D:\workspace\npu_thesis_latex\main.out)
(D:\workspace\npu_thesis_latex\main.out)
\@outlinefile=\write3
\AtBeginShipoutBox=\box47
LaTeX Info: Redefining \Ref on input line 46.

(D:\ProgramFiles\CTEX\MiKTeX\tex\latex\cjk\standard.bdg
File: standard.bdg 2008/12/29 4.8.2
)
(D:\ProgramFiles\CTEX\MiKTeX\tex\latex\cjk\extended.enc
File: extended.enc 2008/12/29 4.8.2
)
(D:\ProgramFiles\CTEX\MiKTeX\tex\latex\cjk\extended.chr
File: extended.chr 2008/12/29 4.8.2
)
(D:\workspace\npu_thesis_latex\setup/userdef.tex)
(D:\workspace\npu_thesis_latex\setup/Definition.tex
\c@figen=\count215
\cftbeforefigenskip=\skip126
\cftfigenindent=\skip127
\cftfigennumwidth=\skip128
\c@fendepth=\count216
\cftbeforefentitleskip=\skip129
\cftafterfentitleskip=\skip130
\tempbox=\box48
\c@tblen=\count217
\cftbeforetblenskip=\skip131
\cfttblenindent=\skip132
\cfttblennumwidth=\skip133
\c@tendepth=\count218
\cftbeforetentitleskip=\skip134
\cftaftertentitleskip=\skip135
\c@algoen=\count219
\cftbeforealgoenskip=\skip136
\cftalgoenindent=\skip137
\cftalgoennumwidth=\skip138
\c@aendepth=\count220
\cftbeforeaentitleskip=\skip139
\cftafteraentitleskip=\skip140
)
(D:\workspace\npu_thesis_latex\setup/format.tex
\c@currdefinitionctr=\count221
\c@enddefinitionctr=\count222
\c@definition=\count223
\c@currexamplectr=\count224
\c@endexamplectr=\count225
\c@example=\count226
\c@curralgoctr=\count227
\c@endalgoctr=\count228
\c@algo=\count229
\c@currtheoremctr=\count230
\c@endtheoremctr=\count231
\c@theorem=\count232
\c@curraxiomctr=\count233
Normal \count register pool exhausted, switching to extended pool.
\c@endaxiomctr=\count277
\c@axiom=\count278
\c@currpropositionctr=\count279
\c@endpropositionctr=\count280
\c@proposition=\count281
\c@currlemmactr=\count282
\c@endlemmactr=\count283
\c@lemma=\count284
\c@currcorollaryctr=\count285
\c@endcorollaryctr=\count286
\c@corollary=\count287
\c@currremarkctr=\count288
\c@endremarkctr=\count289
\c@remark=\count290

(D:\workspace\npu_thesis_latex\gb_452.cpx
File: GB.cap 2003/05/18 4.5.2for Standard LaTeX document class
)
\CJKtwospaces=\skip141
LaTeX Font Info:    Try loading font information for C19+song on input line 89.


(D:\ProgramFiles\CTEX\CTeX\tex\latex\CJK\GB\c19song.fd
File: c19song.fd 2009/09/23 4.8.2
)<<c1925.cmap>>
Package CJKpunct Info: use punctuation spaces for family 'song' with punctstyle
 (quanjiao) on input line 89.

(D:\ProgramFiles\CTEX\MiKTeX\tex\latex\titlesec\block.tss
File: block.tss 2007/08/12
)
\AphorismAuthor=\box49
\c@hitctr=\count291
\c@pubctr=\count292
)

pdfTeX warning: pdflatex (file D:/workspace/npu_thesis_latex/cover.pdf): PDF in
clusion: found PDF version <1.5>, but at most version <1.4> allowed


pdfTeX warning: pdflatex (file D:/workspace/npu_thesis_latex/cover.pdf): PDF in
clusion: found PDF version <1.5>, but at most version <1.4> allowed


pdfTeX warning: pdflatex (file D:/workspace/npu_thesis_latex/cover.pdf): PDF in
clusion: found PDF version <1.5>, but at most version <1.4> allowed


pdfTeX warning: pdflatex (file D:/workspace/npu_thesis_latex/cover.pdf): PDF in
clusion: found PDF version <1.5>, but at most version <1.4> allowed


pdfTeX warning: pdflatex (file D:/workspace/npu_thesis_latex/cover.pdf): PDF in
clusion: found PDF version <1.5>, but at most version <1.4> allowed
<cover.pdf, id=49, page=1, 597.55246pt x 845.07718pt>
File: cover.pdf Graphic file (type pdf)
 <use cover.pdf, page 1>
File: cover.pdf Graphic file (type pdf)

<use cover.pdf, page 1>
File: cover.pdf Graphic file (type pdf)
 <use cover.pdf, page 1>
File: cover.pdf Graphic file (type pdf)
 <use cover.pdf, page 1>
File: cover.pdf Graphic file (type pdf)

<use cover.pdf, page 1> [1


 <D:/workspace/npu_thesis_latex/cover.pdf>]

pdfTeX warning: pdflatex (file D:/workspace/npu_thesis_latex/cover.pdf): PDF in
clusion: found PDF version <1.5>, but at most version <1.4> allowed
<cover.pdf, id=104, page=2, 597.55246pt x 845.07718pt>
File: cover.pdf Graphic file (type pdf)
 <use cover.pdf, page 2>
File: cover.pdf Graphic file (type pdf)

<use cover.pdf, page 2>
File: cover.pdf Graphic file (type pdf)
 <use cover.pdf, page 2> [2 <D:/workspace/npu_thesis_latex/cover.pdf>]

pdfTeX warning: pdflatex (file D:/workspace/npu_thesis_latex/cover.pdf): PDF in
clusion: found PDF version <1.5>, but at most version <1.4> allowed
<cover.pdf, id=110, page=3, 597.55246pt x 845.07718pt>
File: cover.pdf Graphic file (type pdf)
 <use cover.pdf, page 3>
File: cover.pdf Graphic file (type pdf)

<use cover.pdf, page 3>
File: cover.pdf Graphic file (type pdf)
 <use cover.pdf, page 3> [3 <D:/workspace/npu_thesis_latex/cover.pdf>]

pdfTeX warning: pdflatex (file D:/workspace/npu_thesis_latex/empty.pdf): PDF in
clusion: found PDF version <1.5>, but at most version <1.4> allowed


pdfTeX warning: pdflatex (file D:/workspace/npu_thesis_latex/empty.pdf): PDF in
clusion: found PDF version <1.5>, but at most version <1.4> allowed


pdfTeX warning: pdflatex (file D:/workspace/npu_thesis_latex/empty.pdf): PDF in
clusion: found PDF version <1.5>, but at most version <1.4> allowed
<empty.pdf, id=131, page=1, 597.55246pt x 845.07718pt>
File: empty.pdf Graphic file (type pdf)
 <use empty.pdf, page 1>
File: empty.pdf Graphic file (type pdf)

<use empty.pdf, page 1>
File: empty.pdf Graphic file (type pdf)
 <use empty.pdf, page 1>
File: empty.pdf Graphic file (type pdf)
 <use empty.pdf, page 1>
File: empty.pdf Graphic file (type pdf)

<use empty.pdf, page 1> [4 <D:/workspace/npu_thesis_latex/empty.pdf>]
(D:\workspace\npu_thesis_latex\body/c_abstract.tex
LaTeX Font Info:    Font shape `OT1/ptm/bx/n' in size <18> not available
(Font)              Font shape `OT1/ptm/b/n' tried instead on input line 6.
LaTeX Font Info:    Try loading font information for OT1+phv on input line 6.

(D:\ProgramFiles\CTEX\MiKTeX\tex\latex\psnfss\ot1phv.fd
File: ot1phv.fd 2001/06/04 scalable font definitions for OT1/phv.
)
LaTeX Font Info:    Try loading font information for C19+hei on input line 6.

(D:\ProgramFiles\CTEX\CTeX\tex\latex\CJK\GB\c19hei.fd
File: c19hei.fd 2009/09/23 4.8.2
)<<c1963.cmap>><<c1961.cmap>><<oml.cmap>><<oms.cmap>><<omx.cmap>>
LaTeX Font Info:    Try loading font information for U+rsfs on input line 6.

(D:\ProgramFiles\CTEX\MiKTeX\tex\latex\jknappen\ursfs.fd
File: ursfs.fd 1998/03/24 rsfs font definition file (jk)
)<<c1964.cmap>><<c1958.cmap>><<c1943.cmap>><<c1945.cmap>><<c1939.cmap>><<c1965.
cmap>>)

pdfTeX warning: pdflatex (file D:/workspace/npu_thesis_latex/empty.pdf): PDF in
clusion: found PDF version <1.5>, but at most version <1.4> allowed


pdfTeX warning: pdflatex (file D:/workspace/npu_thesis_latex/empty.pdf): PDF in
clusion: found PDF version <1.5>, but at most version <1.4> allowed
<<c1937.cmap>><<c1942.cmap>><<c1960.cmap>><<c1956.cmap>><<c1955.cmap>><<c1949.c
map>>pdfTeX warning (ext4): destination with the same identifier (name{page.I})
 has been already used, duplicate ignored
<to be read again> 
                   \relax 
l.66 \includepdfmerge{empty.pdf,1}
                                   [1{D:/ProgramFiles/CTEX/UserData/pdftex/conf
ig/pdftex.map{Unicode.sfd}{UGBK.sfd}}

]
File: empty.pdf Graphic file (type pdf)
 <use empty.pdf, page 1>
File: empty.pdf Graphic file (type pdf)

<use empty.pdf, page 1>
File: empty.pdf Graphic file (type pdf)
 <use empty.pdf, page 1>
File: empty.pdf Graphic file (type pdf)
 <use empty.pdf, page 1>pdfTeX warning (ext4): destination with the same identi
fier (name{page.II}) has been already used, duplicate ignored
<to be read again> 
                   \relax 
l.66 \includepdfmerge{empty.pdf,1}
                                  
File: empty.pdf Graphic file (type pdf)
 <use empty.pdf, page 1> [2]
(D:\workspace\npu_thesis_latex\body/e_abstract.tex
LaTeX Font Info:    Font shape `OT1/ptm/bx/n' in size <12> not available
(Font)              Font shape `OT1/ptm/b/n' tried instead on input line 19.
)

pdfTeX warning: pdflatex (file D:/workspace/npu_thesis_latex/empty.pdf): PDF in
clusion: found PDF version <1.5>, but at most version <1.4> allowed


pdfTeX warning: pdflatex (file D:/workspace/npu_thesis_latex/empty.pdf): PDF in
clusion: found PDF version <1.5>, but at most version <1.4> allowed
pdfTeX warning (ext4): destination with the same identifier (name{page.II}) has
 been already used, duplicate ignored
<to be read again> 
                   \relax 
l.69 \includepdfmerge{empty.pdf,1}
                                   [2

]
File: empty.pdf Graphic file (type pdf)
 <use empty.pdf, page 1>
File: empty.pdf Graphic file (type pdf)

<use empty.pdf, page 1>
File: empty.pdf Graphic file (type pdf)
 <use empty.pdf, page 1>
File: empty.pdf Graphic file (type pdf)
 <use empty.pdf, page 1>pdfTeX warning (ext4): destination with the same identi
fier (name{page.III}) has been already used, duplicate ignored
<to be read again> 
                   \relax 
l.69 \includepdfmerge{empty.pdf,1}
                                  
File: empty.pdf Graphic file (type pdf)
 <use empty.pdf, page 1> [3]pdfTeX warning (ext4): destination with the same id
entifier (name{page.II}) has been already used, duplicate ignored
<to be read again> 
                   \relax 
l.75 \clearpage{\pagestyle{empty}\cleardoublepage
                                                 } [2


]<<c1951.cmap>>
(D:\workspace\npu_thesis_latex\main.toc<<c1940.cmap>><<c1946.cmap>><<c1962.cmap
>><<c1954.cmap>><<c1936.cmap>><<c1941.cmap>><<c1957.cmap>><<c1947.cmap>><<c1959
.cmap>><<c1952.cmap>><<c1938.cmap>><<c1953.cmap>>)
\tf@toc=\write4
LaTeX Font Info:    Try loading font information for C19+HEI on input line 82.

(D:\ProgramFiles\CTEX\CTeX\tex\latex\CJK\GB\c19hei.fd
File: c19hei.fd 2009/09/23 4.8.2
)

LaTeX Font Warning: Font shape `C19/HEI/m/n' undefined
(Font)              using `C19/song/m/n' instead on input line 82.

pdfTeX warning (ext4): destination with the same identifier (name{page.III}) ha
s been already used, duplicate ignored
<to be read again> 
                   \relax 
l.82   \ifoneortwoside\clearpage
                                {\pagestyle{empty}\cleardoublepage}\fi [3

]pdfTeX warning (ext4): destination with the same identifier (name{page.IV}) ha
s been already used, duplicate ignored
<to be read again> 
                   \relax 
l.82 ...learpage{\pagestyle{empty}\cleardoublepage
                                                  }\fi [4


]
(D:\workspace\npu_thesis_latex\body/Introduction.tex
ตฺ{1}ีย


pdfTeX warning: pdflatex (file D:/workspace/npu_thesis_latex/pic/fig1.pdf): PDF
 inclusion: found PDF version <1.5>, but at most version <1.4> allowed
<./pic/fig1.pdf, id=266, 505.89pt x 505.89pt>
File: ./pic/fig1.pdf Graphic file (type pdf)
 <use ./pic/fig1.pdf>)
(D:\workspace\npu_thesis_latex\body/section2.tex [1




 <D:/workspace/npu_thesis_latex/pic/fig1.pdf>]
ตฺ{2}ีย
)

pdfTeX warning: pdflatex (file D:/workspace/npu_thesis_latex/empty.pdf): PDF in
clusion: found PDF version <1.5>, but at most version <1.4> allowed


pdfTeX warning: pdflatex (file D:/workspace/npu_thesis_latex/empty.pdf): PDF in
clusion: found PDF version <1.5>, but at most version <1.4> allowed
[2

]
File: empty.pdf Graphic file (type pdf)
 <use empty.pdf, page 1>
File: empty.pdf Graphic file (type pdf)
 <use empty.pdf, page 1>
File: empty.pdf Graphic file (type pdf)
 <use empty.pdf, page 1>
File: empty.pdf Graphic file (type pdf)

<use empty.pdf, page 1>
File: empty.pdf Graphic file (type pdf)
 <use empty.pdf, page 1> [3]

Package hyperref Warning: Token not allowed in a PDF string (PDFDocEncoding):
(hyperref)                removing `\<def>-command' on input line 127.


Package hyperref Warning: Token not allowed in a PDF string (PDFDocEncoding):
(hyperref)                removing `\CJK@globalfamily' on input line 127.


Package hyperref Warning: Token not allowed in a PDF string (PDFDocEncoding):
(hyperref)                removing `\<def>-command' on input line 127.


Package hyperref Warning: Token not allowed in a PDF string (PDFDocEncoding):
(hyperref)                removing `\CJK@temp' on input line 127.


Package hyperref Warning: Token not allowed in a PDF string (PDFDocEncoding):
(hyperref)                removing `\<def>-command' on input line 127.


Package hyperref Warning: Token not allowed in a PDF string (PDFDocEncoding):
(hyperref)                removing `\CJK@family' on input line 127.

(D:\workspace\npu_thesis_latex\main.bbl)

pdfTeX warning: pdflatex (file D:/workspace/npu_thesis_latex/empty.pdf): PDF in
clusion: found PDF version <1.5>, but at most version <1.4> allowed


pdfTeX warning: pdflatex (file D:/workspace/npu_thesis_latex/empty.pdf): PDF in
clusion: found PDF version <1.5>, but at most version <1.4> allowed
pdfTeX warning (ext4): destination with the same identifier (name{page.3}) has 
been already used, duplicate ignored
<to be read again> 
                   \relax 
l.131 \includepdfmerge{empty.pdf,1}
                                    [3


]
File: empty.pdf Graphic file (type pdf)
 <use empty.pdf, page 1>
File: empty.pdf Graphic file (type pdf)

<use empty.pdf, page 1>
File: empty.pdf Graphic file (type pdf)
 <use empty.pdf, page 1>
File: empty.pdf Graphic file (type pdf)
 <use empty.pdf, page 1>
File: empty.pdf Graphic file (type pdf)

<use empty.pdf, page 1> [4]
(D:\workspace\npu_thesis_latex\body/publications.tex

Package hyperref Warning: Token not allowed in a PDF string (PDFDocEncoding):
(hyperref)                removing `\<def>-command' on input line 8.


Package hyperref Warning: Token not allowed in a PDF string (PDFDocEncoding):
(hyperref)                removing `\CJK@globalfamily' on input line 8.


Package hyperref Warning: Token not allowed in a PDF string (PDFDocEncoding):
(hyperref)                removing `\<def>-command' on input line 8.


Package hyperref Warning: Token not allowed in a PDF string (PDFDocEncoding):
(hyperref)                removing `\CJK@temp' on input line 8.


Package hyperref Warning: Token not allowed in a PDF string (PDFDocEncoding):
(hyperref)                removing `\<def>-command' on input line 8.


Package hyperref Warning: Token not allowed in a PDF string (PDFDocEncoding):
(hyperref)                removing `\CJK@family' on input line 8.

<<c1926.cmap>>)pdfTeX warning (ext4): destination with the same identifier (nam
e{page.4}) has been already used, duplicate ignored
<to be read again> 
                   \relax 
l.134 \include{body/publications}
                                   % ห๙ทขฮฤีย [4


]

pdfTeX warning: pdflatex (file D:/workspace/npu_thesis_latex/empty.pdf): PDF in
clusion: found PDF version <1.5>, but at most version <1.4> allowed


pdfTeX warning: pdflatex (file D:/workspace/npu_thesis_latex/empty.pdf): PDF in
clusion: found PDF version <1.5>, but at most version <1.4> allowed
File: empty.pdf Graphic file (type pdf)
<use empty.pdf, page 1>
File: empty.pdf Graphic file (type pdf)
 <use empty.pdf, page 1>
File: empty.pdf Graphic file (type pdf)
 <use empty.pdf, page 1>
File: empty.pdf Graphic file (type pdf)

<use empty.pdf, page 1>
File: empty.pdf Graphic file (type pdf)
 <use empty.pdf, page 1> [5

]
(D:\workspace\npu_thesis_latex\body/acknowledgements.tex

Package hyperref Warning: Token not allowed in a PDF string (PDFDocEncoding):
(hyperref)                removing `\<def>-command' on input line 8.


Package hyperref Warning: Token not allowed in a PDF string (PDFDocEncoding):
(hyperref)                removing `\CJK@globalfamily' on input line 8.


Package hyperref Warning: Token not allowed in a PDF string (PDFDocEncoding):
(hyperref)                removing `\<def>-command' on input line 8.


Package hyperref Warning: Token not allowed in a PDF string (PDFDocEncoding):
(hyperref)                removing `\CJK@temp' on input line 8.


Package hyperref Warning: Token not allowed in a PDF string (PDFDocEncoding):
(hyperref)                removing `\<def>-command' on input line 8.


Package hyperref Warning: Token not allowed in a PDF string (PDFDocEncoding):
(hyperref)                removing `\CJK@family' on input line 8.

)pdfTeX warning (ext4): destination with the same identifier (name{page.5}) has
 been already used, duplicate ignored
<to be read again> 
                   \relax 
l.139 \include{body/acknowledgements}
                                      % ึยะป [5


]

pdfTeX warning: pdflatex (file D:/workspace/npu_thesis_latex/empty.pdf): PDF in
clusion: found PDF version <1.5>, but at most version <1.4> allowed


pdfTeX warning: pdflatex (file D:/workspace/npu_thesis_latex/empty.pdf): PDF in
clusion: found PDF version <1.5>, but at most version <1.4> allowed
File: empty.pdf Graphic file (type pdf)
<use empty.pdf, page 1>
File: empty.pdf Graphic file (type pdf)
 <use empty.pdf, page 1>
File: empty.pdf Graphic file (type pdf)
 <use empty.pdf, page 1>
File: empty.pdf Graphic file (type pdf)

<use empty.pdf, page 1>
File: empty.pdf Graphic file (type pdf)
 <use empty.pdf, page 1> [6

]
(D:\workspace\npu_thesis_latex\body/Authorization.tex
LaTeX Font Info:    Font shape `OT1/ptm/bx/n' in size <16.06> not available
(Font)              Font shape `OT1/ptm/b/n' tried instead on input line 11.
<<c1950.cmap>><<c1944.cmap>><<c1948.cmap>>) [7

]
\tf@thm=\write5
Package atveryend Info: Empty hook `BeforeClearDocument' on input line 154.
Package atveryend Info: Empty hook `AfterLastShipout' on input line 154.
 (D:\workspace\npu_thesis_latex\main.aux
(D:\workspace\npu_thesis_latex\body/publications.aux)
(D:\workspace\npu_thesis_latex\body/acknowledgements.aux)
(D:\workspace\npu_thesis_latex\body/Authorization.aux))
Package atveryend Info: Executing hook `AtVeryEndDocument' on input line 154.


Package rerunfilecheck Warning: File `main.out' has changed.
(rerunfilecheck)                Rerun to get outlines right
(rerunfilecheck)                or use package `bookmark'.

Package rerunfilecheck Info: Checksums for `main.out':
(rerunfilecheck)             Before: E10396FBE1D00D121916D1FD5D1345EA;1106
(rerunfilecheck)             After:  A473D488222C57CC4165C68CEB368B4C;508.

LaTeX Font Warning: Some font shapes were not available, defaults substituted.

 )
(\end occurred when \ifx on line 115 was incomplete) 
Here is how much of TeX's memory you used:
 13974 strings out of 495285
 201696 string characters out of 3180430
 324513 words of memory out of 3000000
 16490 multiletter control sequences out of 15000+200000
 59399 words of font info for 177 fonts, out of 3000000 for 9000
 14 hyphenation exceptions out of 8191
 39i,18n,46p,389b,1957s stack positions out of 5000i,500n,10000p,200000b,50000s
<D:/ProgramFiles/CTEX/CTeX/
fonts/truetype/chinese/simsun.ttf><D:/ProgramFiles/CTEX/CTeX/fonts/truetype/chi
nese/simsun.ttf><D:/ProgramFiles/CTEX/CTeX/fonts/truetype/chinese/simsun.ttf><C
:/Windows/Fonts/simhei.ttf><C:/Windows/Fonts/simhei.ttf><D:/ProgramFiles/CTEX/C
TeX/fonts/truetype/chinese/simsun.ttf><D:/ProgramFiles/CTEX/CTeX/fonts/truetype
/chinese/simsun.ttf><D:/ProgramFiles/CTEX/CTeX/fonts/truetype/chinese/simsun.tt
f><D:/ProgramFiles/CTEX/CTeX/fonts/truetype/chinese/simsun.ttf><D:/ProgramFiles
/CTEX/CTeX/fonts/truetype/chinese/simsun.ttf><D:/ProgramFiles/CTEX/CTeX/fonts/t
ruetype/chinese/simsun.ttf><D:/ProgramFiles/CTEX/CTeX/fonts/truetype/chinese/si
msun.ttf><D:/ProgramFiles/CTEX/CTeX/fonts/truetype/chinese/simsun.ttf><D:/Progr
amFiles/CTEX/CTeX/fonts/truetype/chinese/simsun.ttf><C:/Windows/Fonts/simhei.tt
f><C:/Windows/Fonts/simhei.ttf><C:/Windows/Fonts/simhei.ttf><C:/Windows/Fonts/s
imhei.ttf><D:/ProgramFiles/CTEX/CTeX/fonts/truetype/chinese/simsun.ttf><C:/Wind
ows/Fonts/simhei.ttf><C:/Windows/Fonts/simhei.ttf><C:/Windows/Fonts/simhei.ttf>
<C:/Windows/Fonts/simhei.ttf><C:/Windows/Fonts/simhei.ttf><C:/Windows/Fonts/sim
hei.ttf><C:/Windows/Fonts/simhei.ttf><C:/Windows/Fonts/simhei.ttf><C:/Windows/F
onts/simhei.ttf><C:/Windows/Fonts/simhei.ttf><C:/Windows/Fonts/simhei.ttf><C:/W
indows/Fonts/simhei.ttf><D:/ProgramFiles/CTEX/CTeX/fonts/truetype/chinese/simsu
n.ttf><D:/ProgramFiles/CTEX/CTeX/fonts/truetype/chinese/simsun.ttf><D:/ProgramF
iles/CTEX/CTeX/fonts/truetype/chinese/simsun.ttf><D:/ProgramFiles/CTEX/CTeX/fon
ts/truetype/chinese/simsun.ttf><C:/Windows/Fonts/simhei.ttf><C:/Windows/Fonts/s
imhei.ttf><C:/Windows/Fonts/simhei.ttf><C:/Windows/Fonts/simhei.ttf><D:/Program
Files/CTEX/CTeX/fonts/truetype/chinese/simsun.ttf>{D:/ProgramFiles/CTEX/MiKTeX/
fonts/enc/dvips/fontname/8r.enc}<D:/ProgramFiles/CTEX/CTeX/fonts/truetype/chine
se/simsun.ttf><D:/ProgramFiles/CTEX/CTeX/fonts/truetype/chinese/simsun.ttf><D:/
ProgramFiles/CTEX/CTeX/fonts/truetype/chinese/simsun.ttf><C:/Windows/Fonts/simh
ei.ttf><C:/Windows/Fonts/simhei.ttf><C:/Windows/Fonts/simhei.ttf><D:/ProgramFil
es/CTEX/CTeX/fonts/truetype/chinese/simsun.ttf><C:/Windows/Fonts/simhei.ttf><C:
/Windows/Fonts/simhei.ttf><D:/ProgramFiles/CTEX/CTeX/fonts/truetype/chinese/sim
sun.ttf><D:/ProgramFiles/CTEX/CTeX/fonts/truetype/chinese/simsun.ttf><D:/Progra
mFiles/CTEX/CTeX/fonts/truetype/chinese/simsun.ttf><D:/ProgramFiles/CTEX/CTeX/f
onts/truetype/chinese/simsun.ttf><D:/ProgramFiles/CTEX/CTeX/fonts/truetype/chin
ese/simsun.ttf><D:/ProgramFiles/CTEX/CTeX/fonts/truetype/chinese/simsun.ttf><D:
/ProgramFiles/CTEX/CTeX/fonts/truetype/chinese/simsun.ttf><D:/ProgramFiles/CTEX
/CTeX/fonts/truetype/chinese/simsun.ttf><D:/ProgramFiles/CTEX/CTeX/fonts/truety
pe/chinese/simsun.ttf><D:/ProgramFiles/CTEX/CTeX/fonts/truetype/chinese/simsun.
ttf><D:/ProgramFiles/CTEX/MiKTeX/fonts/type1/urw/helvetic/uhvr8a.pfb><D:/Progra
mFiles/CTEX/MiKTeX/fonts/type1/urw/times/utmb8a.pfb><D:/ProgramFiles/CTEX/MiKTe
X/fonts/type1/urw/times/utmr8a.pfb>
Output written on main.pdf (21 pages, 614431 bytes).
PDF statistics:
 569 PDF objects out of 1000 (max. 8388607)
 41 named destinations out of 1000 (max. 500000)
 332 words of extra memory for PDF output out of 10000 (max. 10000000)

